2019-05-07 09:38:31.959  INFO 5400 --- [main] com.hiqiblog.DemoApplicationTests        : Starting DemoApplicationTests on DESKTOP-ISK5I5H with PID 5400 (started by Administrator in D:\HiQiBlog\alipay)
2019-05-07 09:38:31.964  INFO 5400 --- [main] com.hiqiblog.DemoApplicationTests        : No active profile set, falling back to default profiles: default
2019-05-07 09:38:32.813  INFO 5400 --- [main] .s.d.r.c.RepositoryConfigurationDelegate : Multiple Spring Data modules found, entering strict repository configuration mode!
2019-05-07 09:38:32.815  INFO 5400 --- [main] .s.d.r.c.RepositoryConfigurationDelegate : Bootstrapping Spring Data repositories in DEFAULT mode.
2019-05-07 09:38:32.845  INFO 5400 --- [main] .s.d.r.c.RepositoryConfigurationDelegate : Finished Spring Data repository scanning in 20ms. Found 0 repository interfaces.
2019-05-07 09:38:32.860  INFO 5400 --- [main] .s.d.r.c.RepositoryConfigurationDelegate : Multiple Spring Data modules found, entering strict repository configuration mode!
2019-05-07 09:38:32.862  INFO 5400 --- [main] .s.d.r.c.RepositoryConfigurationDelegate : Bootstrapping Spring Data repositories in DEFAULT mode.
2019-05-07 09:38:32.876  INFO 5400 --- [main] .s.d.r.c.RepositoryConfigurationDelegate : Finished Spring Data repository scanning in 3ms. Found 0 repository interfaces.
2019-05-07 09:38:33.392  INFO 5400 --- [main] trationDelegate$BeanPostProcessorChecker : Bean 'org.springframework.transaction.annotation.ProxyTransactionManagementConfiguration' of type [org.springframework.transaction.annotation.ProxyTransactionManagementConfiguration$$EnhancerBySpringCGLIB$$ae56cff3] is not eligible for getting processed by all BeanPostProcessors (for example: not eligible for auto-proxying)
2019-05-07 09:38:33.965  INFO 5400 --- [main] com.alibaba.druid.pool.DruidDataSource   : {dataSource-1} inited
2019-05-07 09:38:34.042  INFO 5400 --- [main] o.hibernate.jpa.internal.util.LogHelper  : HHH000204: Processing PersistenceUnitInfo [
	name: default
	...]
2019-05-07 09:38:34.112  INFO 5400 --- [main] org.hibernate.Version                    : HHH000412: Hibernate Core {5.3.9.Final}
2019-05-07 09:38:34.113  INFO 5400 --- [main] org.hibernate.cfg.Environment            : HHH000206: hibernate.properties not found
2019-05-07 09:38:34.293  INFO 5400 --- [main] o.hibernate.annotations.common.Version   : HCANN000001: Hibernate Commons Annotations {5.0.4.Final}
2019-05-07 09:38:34.512  INFO 5400 --- [main] org.hibernate.dialect.Dialect            : HHH000400: Using dialect: org.hibernate.dialect.MySQL5Dialect
2019-05-07 09:38:34.728  INFO 5400 --- [main] j.LocalContainerEntityManagerFactoryBean : Initialized JPA EntityManagerFactory for persistence unit 'default'
2019-05-07 09:38:35.165  INFO 5400 --- [main] org.quartz.impl.StdSchedulerFactory      : Using default implementation for ThreadExecutor
2019-05-07 09:38:35.182  INFO 5400 --- [main] org.quartz.core.SchedulerSignalerImpl    : Initialized Scheduler Signaller of type: class org.quartz.core.SchedulerSignalerImpl
2019-05-07 09:38:35.182  INFO 5400 --- [main] org.quartz.core.QuartzScheduler          : Quartz Scheduler v.2.3.1 created.
2019-05-07 09:38:35.183  INFO 5400 --- [main] org.quartz.simpl.RAMJobStore             : RAMJobStore initialized.
2019-05-07 09:38:35.184  INFO 5400 --- [main] org.quartz.core.QuartzScheduler          : Scheduler meta-data: Quartz Scheduler (v2.3.1) 'schedulerFactoryBean' with instanceId 'NON_CLUSTERED'
  Scheduler class: 'org.quartz.core.QuartzScheduler' - running locally.
  NOT STARTED.
  Currently in standby mode.
  Number of jobs executed: 0
  Using thread pool 'org.quartz.simpl.SimpleThreadPool' - with 10 threads.
  Using job-store 'org.quartz.simpl.RAMJobStore' - which does not support persistence. and is not clustered.

2019-05-07 09:38:35.184  INFO 5400 --- [main] org.quartz.impl.StdSchedulerFactory      : Quartz scheduler 'schedulerFactoryBean' initialized from an externally provided properties instance.
2019-05-07 09:38:35.185  INFO 5400 --- [main] org.quartz.impl.StdSchedulerFactory      : Quartz scheduler version: 2.3.1
2019-05-07 09:38:35.185  INFO 5400 --- [main] org.quartz.core.QuartzScheduler          : JobFactory set to: com.hiqiblog.conf.JobFactory@7741771e
2019-05-07 09:38:35.851  INFO 5400 --- [main] o.s.s.concurrent.ThreadPoolTaskExecutor  : Initializing ExecutorService 'applicationTaskExecutor'
2019-05-07 09:38:35.906  WARN 5400 --- [main] aWebConfiguration$JpaWebMvcConfiguration : spring.jpa.open-in-view is enabled by default. Therefore, database queries may be performed during view rendering. Explicitly configure spring.jpa.open-in-view to disable this warning
2019-05-07 09:38:36.073  INFO 5400 --- [main] o.s.b.a.w.s.WelcomePageHandlerMapping    : Adding welcome page template: index
2019-05-07 09:38:36.404  INFO 5400 --- [main] o.s.s.c.ThreadPoolTaskScheduler          : Initializing ExecutorService 'taskScheduler'
2019-05-07 09:38:36.472  INFO 5400 --- [main] o.s.s.quartz.SchedulerFactoryBean        : Starting Quartz Scheduler now
2019-05-07 09:38:36.472  INFO 5400 --- [main] org.quartz.core.QuartzScheduler          : Scheduler schedulerFactoryBean_$_NON_CLUSTERED started.
2019-05-07 09:38:36.485  INFO 5400 --- [main] com.hiqiblog.DemoApplicationTests        : Started DemoApplicationTests in 4.976 seconds (JVM running for 6.689)
2019-05-07 09:38:36.596  INFO 5400 --- [Thread-2] org.quartz.core.QuartzScheduler          : Scheduler schedulerFactoryBean_$_NON_CLUSTERED paused.
2019-05-07 09:38:36.598  INFO 5400 --- [Thread-2] o.s.s.c.ThreadPoolTaskScheduler          : Shutting down ExecutorService 'taskScheduler'
2019-05-07 09:38:36.601  INFO 5400 --- [Thread-2] o.s.s.concurrent.ThreadPoolTaskExecutor  : Shutting down ExecutorService 'applicationTaskExecutor'
2019-05-07 09:38:36.602  INFO 5400 --- [Thread-2] org.quartz.core.QuartzScheduler          : Scheduler schedulerFactoryBean_$_NON_CLUSTERED shutting down.
2019-05-07 09:38:36.602  INFO 5400 --- [Thread-2] org.quartz.core.QuartzScheduler          : Scheduler schedulerFactoryBean_$_NON_CLUSTERED paused.
2019-05-07 09:38:36.603  INFO 5400 --- [Thread-2] org.quartz.core.QuartzScheduler          : Scheduler schedulerFactoryBean_$_NON_CLUSTERED shutdown complete.
2019-05-07 09:38:36.604  INFO 5400 --- [Thread-2] o.s.s.quartz.SchedulerFactoryBean        : Shutting down Quartz Scheduler
2019-05-07 09:38:36.605  INFO 5400 --- [Thread-2] j.LocalContainerEntityManagerFactoryBean : Closing JPA EntityManagerFactory for persistence unit 'default'
2019-05-07 09:38:36.619  INFO 5400 --- [Thread-2] com.alibaba.druid.pool.DruidDataSource   : {dataSource-1} closed
2019-05-07 09:38:55.068  INFO 6080 --- [main] com.hiqiblog.DemoApplicationTests        : Starting DemoApplicationTests on DESKTOP-ISK5I5H with PID 6080 (started by Administrator in D:\HiQiBlog\alipay)
2019-05-07 09:38:55.069  INFO 6080 --- [main] com.hiqiblog.DemoApplicationTests        : No active profile set, falling back to default profiles: default
2019-05-07 09:38:56.112  INFO 6080 --- [main] .s.d.r.c.RepositoryConfigurationDelegate : Multiple Spring Data modules found, entering strict repository configuration mode!
2019-05-07 09:38:56.116  INFO 6080 --- [main] .s.d.r.c.RepositoryConfigurationDelegate : Bootstrapping Spring Data repositories in DEFAULT mode.
2019-05-07 09:38:56.154  INFO 6080 --- [main] .s.d.r.c.RepositoryConfigurationDelegate : Finished Spring Data repository scanning in 23ms. Found 0 repository interfaces.
2019-05-07 09:38:56.167  INFO 6080 --- [main] .s.d.r.c.RepositoryConfigurationDelegate : Multiple Spring Data modules found, entering strict repository configuration mode!
2019-05-07 09:38:56.169  INFO 6080 --- [main] .s.d.r.c.RepositoryConfigurationDelegate : Bootstrapping Spring Data repositories in DEFAULT mode.
2019-05-07 09:38:56.183  INFO 6080 --- [main] .s.d.r.c.RepositoryConfigurationDelegate : Finished Spring Data repository scanning in 3ms. Found 0 repository interfaces.
2019-05-07 09:38:57.216  INFO 6080 --- [main] trationDelegate$BeanPostProcessorChecker : Bean 'org.springframework.transaction.annotation.ProxyTransactionManagementConfiguration' of type [org.springframework.transaction.annotation.ProxyTransactionManagementConfiguration$$EnhancerBySpringCGLIB$$57f15c4a] is not eligible for getting processed by all BeanPostProcessors (for example: not eligible for auto-proxying)
2019-05-07 09:38:57.880  INFO 6080 --- [main] com.alibaba.druid.pool.DruidDataSource   : {dataSource-1} inited
2019-05-07 09:38:57.981  INFO 6080 --- [main] o.hibernate.jpa.internal.util.LogHelper  : HHH000204: Processing PersistenceUnitInfo [
	name: default
	...]
2019-05-07 09:38:58.081  INFO 6080 --- [main] org.hibernate.Version                    : HHH000412: Hibernate Core {5.3.9.Final}
2019-05-07 09:38:58.092  INFO 6080 --- [main] org.hibernate.cfg.Environment            : HHH000206: hibernate.properties not found
2019-05-07 09:38:58.338  INFO 6080 --- [main] o.hibernate.annotations.common.Version   : HCANN000001: Hibernate Commons Annotations {5.0.4.Final}
2019-05-07 09:38:58.613  INFO 6080 --- [main] org.hibernate.dialect.Dialect            : HHH000400: Using dialect: org.hibernate.dialect.MySQL5Dialect
2019-05-07 09:38:58.865  INFO 6080 --- [main] j.LocalContainerEntityManagerFactoryBean : Initialized JPA EntityManagerFactory for persistence unit 'default'
2019-05-07 09:38:59.422  INFO 6080 --- [main] org.quartz.impl.StdSchedulerFactory      : Using default implementation for ThreadExecutor
2019-05-07 09:38:59.446  INFO 6080 --- [main] org.quartz.core.SchedulerSignalerImpl    : Initialized Scheduler Signaller of type: class org.quartz.core.SchedulerSignalerImpl
2019-05-07 09:38:59.447  INFO 6080 --- [main] org.quartz.core.QuartzScheduler          : Quartz Scheduler v.2.3.1 created.
2019-05-07 09:38:59.448  INFO 6080 --- [main] org.quartz.simpl.RAMJobStore             : RAMJobStore initialized.
2019-05-07 09:38:59.449  INFO 6080 --- [main] org.quartz.core.QuartzScheduler          : Scheduler meta-data: Quartz Scheduler (v2.3.1) 'schedulerFactoryBean' with instanceId 'NON_CLUSTERED'
  Scheduler class: 'org.quartz.core.QuartzScheduler' - running locally.
  NOT STARTED.
  Currently in standby mode.
  Number of jobs executed: 0
  Using thread pool 'org.quartz.simpl.SimpleThreadPool' - with 10 threads.
  Using job-store 'org.quartz.simpl.RAMJobStore' - which does not support persistence. and is not clustered.

2019-05-07 09:38:59.451  INFO 6080 --- [main] org.quartz.impl.StdSchedulerFactory      : Quartz scheduler 'schedulerFactoryBean' initialized from an externally provided properties instance.
2019-05-07 09:38:59.451  INFO 6080 --- [main] org.quartz.impl.StdSchedulerFactory      : Quartz scheduler version: 2.3.1
2019-05-07 09:38:59.452  INFO 6080 --- [main] org.quartz.core.QuartzScheduler          : JobFactory set to: com.hiqiblog.conf.JobFactory@69fe7090
2019-05-07 09:39:00.319  INFO 6080 --- [main] o.s.s.concurrent.ThreadPoolTaskExecutor  : Initializing ExecutorService 'applicationTaskExecutor'
2019-05-07 09:39:00.397  WARN 6080 --- [main] aWebConfiguration$JpaWebMvcConfiguration : spring.jpa.open-in-view is enabled by default. Therefore, database queries may be performed during view rendering. Explicitly configure spring.jpa.open-in-view to disable this warning
2019-05-07 09:39:00.625  INFO 6080 --- [main] o.s.b.a.w.s.WelcomePageHandlerMapping    : Adding welcome page template: index
2019-05-07 09:39:01.011  INFO 6080 --- [main] o.s.s.c.ThreadPoolTaskScheduler          : Initializing ExecutorService 'taskScheduler'
2019-05-07 09:39:01.106  INFO 6080 --- [main] o.s.s.quartz.SchedulerFactoryBean        : Starting Quartz Scheduler now
2019-05-07 09:39:01.107  INFO 6080 --- [main] org.quartz.core.QuartzScheduler          : Scheduler schedulerFactoryBean_$_NON_CLUSTERED started.
2019-05-07 09:39:01.123  INFO 6080 --- [main] com.hiqiblog.DemoApplicationTests        : Started DemoApplicationTests in 6.582 seconds (JVM running for 8.224)
2019-05-07 09:39:05.619  INFO 6080 --- [Thread-2] org.quartz.core.QuartzScheduler          : Scheduler schedulerFactoryBean_$_NON_CLUSTERED paused.
2019-05-07 09:39:05.636  INFO 6080 --- [Thread-2] o.s.s.c.ThreadPoolTaskScheduler          : Shutting down ExecutorService 'taskScheduler'
2019-05-07 09:39:05.651  INFO 6080 --- [Thread-2] o.s.s.concurrent.ThreadPoolTaskExecutor  : Shutting down ExecutorService 'applicationTaskExecutor'
2019-05-07 09:39:05.653  INFO 6080 --- [Thread-2] org.quartz.core.QuartzScheduler          : Scheduler schedulerFactoryBean_$_NON_CLUSTERED shutting down.
2019-05-07 09:39:05.653  INFO 6080 --- [Thread-2] org.quartz.core.QuartzScheduler          : Scheduler schedulerFactoryBean_$_NON_CLUSTERED paused.
2019-05-07 09:39:05.654  INFO 6080 --- [Thread-2] org.quartz.core.QuartzScheduler          : Scheduler schedulerFactoryBean_$_NON_CLUSTERED shutdown complete.
2019-05-07 09:39:05.654  INFO 6080 --- [Thread-2] o.s.s.quartz.SchedulerFactoryBean        : Shutting down Quartz Scheduler
2019-05-07 09:39:05.656  INFO 6080 --- [Thread-2] j.LocalContainerEntityManagerFactoryBean : Closing JPA EntityManagerFactory for persistence unit 'default'
2019-05-07 09:39:05.666  INFO 6080 --- [Thread-2] com.alibaba.druid.pool.DruidDataSource   : {dataSource-1} closed
2019-05-07 09:40:19.373  INFO 2940 --- [main] com.hiqiblog.hiQiBlogApplication         : Starting hiQiBlogApplication on DESKTOP-ISK5I5H with PID 2940 (D:\HiQiBlog\alipay\target\classes started by Administrator in D:\HiQiBlog\alipay)
2019-05-07 09:40:19.375  INFO 2940 --- [main] com.hiqiblog.hiQiBlogApplication         : No active profile set, falling back to default profiles: default
2019-05-07 09:40:20.075  INFO 2940 --- [main] .s.d.r.c.RepositoryConfigurationDelegate : Multiple Spring Data modules found, entering strict repository configuration mode!
2019-05-07 09:40:20.075  INFO 2940 --- [main] .s.d.r.c.RepositoryConfigurationDelegate : Bootstrapping Spring Data repositories in DEFAULT mode.
2019-05-07 09:40:20.094  INFO 2940 --- [main] .s.d.r.c.RepositoryConfigurationDelegate : Finished Spring Data repository scanning in 13ms. Found 0 repository interfaces.
2019-05-07 09:40:20.102  INFO 2940 --- [main] .s.d.r.c.RepositoryConfigurationDelegate : Multiple Spring Data modules found, entering strict repository configuration mode!
2019-05-07 09:40:20.103  INFO 2940 --- [main] .s.d.r.c.RepositoryConfigurationDelegate : Bootstrapping Spring Data repositories in DEFAULT mode.
2019-05-07 09:40:20.111  INFO 2940 --- [main] .s.d.r.c.RepositoryConfigurationDelegate : Finished Spring Data repository scanning in 2ms. Found 0 repository interfaces.
2019-05-07 09:40:20.396  INFO 2940 --- [main] trationDelegate$BeanPostProcessorChecker : Bean 'org.springframework.transaction.annotation.ProxyTransactionManagementConfiguration' of type [org.springframework.transaction.annotation.ProxyTransactionManagementConfiguration$$EnhancerBySpringCGLIB$$77abb6ae] is not eligible for getting processed by all BeanPostProcessors (for example: not eligible for auto-proxying)
2019-05-07 09:40:20.630  INFO 2940 --- [main] o.s.b.w.embedded.tomcat.TomcatWebServer  : Tomcat initialized with port(s): 8090 (http)
2019-05-07 09:40:20.647  INFO 2940 --- [main] o.apache.catalina.core.StandardService   : Starting service [Tomcat]
2019-05-07 09:40:20.647  INFO 2940 --- [main] org.apache.catalina.core.StandardEngine  : Starting Servlet engine: [Apache Tomcat/9.0.17]
2019-05-07 09:40:20.749  INFO 2940 --- [main] o.a.c.c.C.[Tomcat].[localhost].[/]       : Initializing Spring embedded WebApplicationContext
2019-05-07 09:40:20.749  INFO 2940 --- [main] o.s.web.context.ContextLoader            : Root WebApplicationContext: initialization completed in 1303 ms
2019-05-07 09:40:21.112  INFO 2940 --- [main] com.alibaba.druid.pool.DruidDataSource   : {dataSource-1} inited
2019-05-07 09:40:21.147  INFO 2940 --- [main] o.hibernate.jpa.internal.util.LogHelper  : HHH000204: Processing PersistenceUnitInfo [
	name: default
	...]
2019-05-07 09:40:21.190  INFO 2940 --- [main] org.hibernate.Version                    : HHH000412: Hibernate Core {5.3.9.Final}
2019-05-07 09:40:21.191  INFO 2940 --- [main] org.hibernate.cfg.Environment            : HHH000206: hibernate.properties not found
2019-05-07 09:40:21.279  INFO 2940 --- [main] o.hibernate.annotations.common.Version   : HCANN000001: Hibernate Commons Annotations {5.0.4.Final}
2019-05-07 09:40:21.393  INFO 2940 --- [main] org.hibernate.dialect.Dialect            : HHH000400: Using dialect: org.hibernate.dialect.MySQL5Dialect
2019-05-07 09:40:21.516  INFO 2940 --- [main] j.LocalContainerEntityManagerFactoryBean : Initialized JPA EntityManagerFactory for persistence unit 'default'
2019-05-07 09:40:21.764  INFO 2940 --- [main] org.quartz.impl.StdSchedulerFactory      : Using default implementation for ThreadExecutor
2019-05-07 09:40:21.773  INFO 2940 --- [main] org.quartz.core.SchedulerSignalerImpl    : Initialized Scheduler Signaller of type: class org.quartz.core.SchedulerSignalerImpl
2019-05-07 09:40:21.773  INFO 2940 --- [main] org.quartz.core.QuartzScheduler          : Quartz Scheduler v.2.3.1 created.
2019-05-07 09:40:21.774  INFO 2940 --- [main] org.quartz.simpl.RAMJobStore             : RAMJobStore initialized.
2019-05-07 09:40:21.775  INFO 2940 --- [main] org.quartz.core.QuartzScheduler          : Scheduler meta-data: Quartz Scheduler (v2.3.1) 'schedulerFactoryBean' with instanceId 'NON_CLUSTERED'
  Scheduler class: 'org.quartz.core.QuartzScheduler' - running locally.
  NOT STARTED.
  Currently in standby mode.
  Number of jobs executed: 0
  Using thread pool 'org.quartz.simpl.SimpleThreadPool' - with 10 threads.
  Using job-store 'org.quartz.simpl.RAMJobStore' - which does not support persistence. and is not clustered.

2019-05-07 09:40:21.775  INFO 2940 --- [main] org.quartz.impl.StdSchedulerFactory      : Quartz scheduler 'schedulerFactoryBean' initialized from an externally provided properties instance.
2019-05-07 09:40:21.775  INFO 2940 --- [main] org.quartz.impl.StdSchedulerFactory      : Quartz scheduler version: 2.3.1
2019-05-07 09:40:21.776  INFO 2940 --- [main] org.quartz.core.QuartzScheduler          : JobFactory set to: com.hiqiblog.conf.JobFactory@479111ba
2019-05-07 09:40:21.955  INFO 2940 --- [main] o.s.s.concurrent.ThreadPoolTaskExecutor  : Initializing ExecutorService 'applicationTaskExecutor'
2019-05-07 09:40:21.984  WARN 2940 --- [main] aWebConfiguration$JpaWebMvcConfiguration : spring.jpa.open-in-view is enabled by default. Therefore, database queries may be performed during view rendering. Explicitly configure spring.jpa.open-in-view to disable this warning
2019-05-07 09:40:22.075  INFO 2940 --- [main] o.s.b.a.w.s.WelcomePageHandlerMapping    : Adding welcome page template: index
2019-05-07 09:40:22.197  INFO 2940 --- [main] o.s.s.c.ThreadPoolTaskScheduler          : Initializing ExecutorService 'taskScheduler'
2019-05-07 09:40:22.227  INFO 2940 --- [main] o.s.s.quartz.SchedulerFactoryBean        : Starting Quartz Scheduler now
2019-05-07 09:40:22.228  INFO 2940 --- [main] org.quartz.core.QuartzScheduler          : Scheduler schedulerFactoryBean_$_NON_CLUSTERED started.
2019-05-07 09:40:22.252  INFO 2940 --- [main] o.s.b.w.embedded.tomcat.TomcatWebServer  : Tomcat started on port(s): 8090 (http) with context path ''
2019-05-07 09:40:22.255  INFO 2940 --- [main] com.hiqiblog.hiQiBlogApplication         : Started hiQiBlogApplication in 3.253 seconds (JVM running for 3.971)
2019-05-07 09:40:40.539  INFO 2940 --- [http-nio-8090-exec-1] o.a.c.c.C.[Tomcat].[localhost].[/]       : Initializing Spring DispatcherServlet 'dispatcherServlet'
2019-05-07 09:40:40.539  INFO 2940 --- [http-nio-8090-exec-1] o.s.web.servlet.DispatcherServlet        : Initializing Servlet 'dispatcherServlet'
2019-05-07 09:40:40.545  INFO 2940 --- [http-nio-8090-exec-1] o.s.web.servlet.DispatcherServlet        : Completed initialization in 6 ms
2019-05-07 09:49:29.266  INFO 11148 --- [main] com.hiqiblog.hiQiBlogApplication         : Starting hiQiBlogApplication on DESKTOP-ISK5I5H with PID 11148 (D:\HiQiBlog\alipay\target\classes started by Administrator in D:\HiQiBlog\alipay)
2019-05-07 09:49:29.271  INFO 11148 --- [main] com.hiqiblog.hiQiBlogApplication         : No active profile set, falling back to default profiles: default
2019-05-07 09:49:30.063  INFO 11148 --- [main] .s.d.r.c.RepositoryConfigurationDelegate : Multiple Spring Data modules found, entering strict repository configuration mode!
2019-05-07 09:49:30.064  INFO 11148 --- [main] .s.d.r.c.RepositoryConfigurationDelegate : Bootstrapping Spring Data repositories in DEFAULT mode.
2019-05-07 09:49:30.082  INFO 11148 --- [main] .s.d.r.c.RepositoryConfigurationDelegate : Finished Spring Data repository scanning in 13ms. Found 0 repository interfaces.
2019-05-07 09:49:30.090  INFO 11148 --- [main] .s.d.r.c.RepositoryConfigurationDelegate : Multiple Spring Data modules found, entering strict repository configuration mode!
2019-05-07 09:49:30.091  INFO 11148 --- [main] .s.d.r.c.RepositoryConfigurationDelegate : Bootstrapping Spring Data repositories in DEFAULT mode.
2019-05-07 09:49:30.100  INFO 11148 --- [main] .s.d.r.c.RepositoryConfigurationDelegate : Finished Spring Data repository scanning in 3ms. Found 0 repository interfaces.
2019-05-07 09:49:30.395  INFO 11148 --- [main] trationDelegate$BeanPostProcessorChecker : Bean 'org.springframework.transaction.annotation.ProxyTransactionManagementConfiguration' of type [org.springframework.transaction.annotation.ProxyTransactionManagementConfiguration$$EnhancerBySpringCGLIB$$9f74667e] is not eligible for getting processed by all BeanPostProcessors (for example: not eligible for auto-proxying)
2019-05-07 09:49:30.612  INFO 11148 --- [main] o.s.b.w.embedded.tomcat.TomcatWebServer  : Tomcat initialized with port(s): 8090 (http)
2019-05-07 09:49:30.630  INFO 11148 --- [main] o.apache.catalina.core.StandardService   : Starting service [Tomcat]
2019-05-07 09:49:30.630  INFO 11148 --- [main] org.apache.catalina.core.StandardEngine  : Starting Servlet engine: [Apache Tomcat/9.0.17]
2019-05-07 09:49:30.731  INFO 11148 --- [main] o.a.c.c.C.[Tomcat].[localhost].[/]       : Initializing Spring embedded WebApplicationContext
2019-05-07 09:49:30.732  INFO 11148 --- [main] o.s.web.context.ContextLoader            : Root WebApplicationContext: initialization completed in 1328 ms
2019-05-07 09:49:31.078  INFO 11148 --- [main] com.alibaba.druid.pool.DruidDataSource   : {dataSource-1} inited
2019-05-07 09:49:31.110  INFO 11148 --- [main] o.hibernate.jpa.internal.util.LogHelper  : HHH000204: Processing PersistenceUnitInfo [
	name: default
	...]
2019-05-07 09:49:31.153  INFO 11148 --- [main] org.hibernate.Version                    : HHH000412: Hibernate Core {5.3.9.Final}
2019-05-07 09:49:31.154  INFO 11148 --- [main] org.hibernate.cfg.Environment            : HHH000206: hibernate.properties not found
2019-05-07 09:49:31.237  INFO 11148 --- [main] o.hibernate.annotations.common.Version   : HCANN000001: Hibernate Commons Annotations {5.0.4.Final}
2019-05-07 09:49:31.336  INFO 11148 --- [main] org.hibernate.dialect.Dialect            : HHH000400: Using dialect: org.hibernate.dialect.MySQL5Dialect
2019-05-07 09:49:31.458  INFO 11148 --- [main] j.LocalContainerEntityManagerFactoryBean : Initialized JPA EntityManagerFactory for persistence unit 'default'
2019-05-07 09:49:31.689  INFO 11148 --- [main] org.quartz.impl.StdSchedulerFactory      : Using default implementation for ThreadExecutor
2019-05-07 09:49:31.698  INFO 11148 --- [main] org.quartz.core.SchedulerSignalerImpl    : Initialized Scheduler Signaller of type: class org.quartz.core.SchedulerSignalerImpl
2019-05-07 09:49:31.698  INFO 11148 --- [main] org.quartz.core.QuartzScheduler          : Quartz Scheduler v.2.3.1 created.
2019-05-07 09:49:31.698  INFO 11148 --- [main] org.quartz.simpl.RAMJobStore             : RAMJobStore initialized.
2019-05-07 09:49:31.699  INFO 11148 --- [main] org.quartz.core.QuartzScheduler          : Scheduler meta-data: Quartz Scheduler (v2.3.1) 'schedulerFactoryBean' with instanceId 'NON_CLUSTERED'
  Scheduler class: 'org.quartz.core.QuartzScheduler' - running locally.
  NOT STARTED.
  Currently in standby mode.
  Number of jobs executed: 0
  Using thread pool 'org.quartz.simpl.SimpleThreadPool' - with 10 threads.
  Using job-store 'org.quartz.simpl.RAMJobStore' - which does not support persistence. and is not clustered.

2019-05-07 09:49:31.699  INFO 11148 --- [main] org.quartz.impl.StdSchedulerFactory      : Quartz scheduler 'schedulerFactoryBean' initialized from an externally provided properties instance.
2019-05-07 09:49:31.699  INFO 11148 --- [main] org.quartz.impl.StdSchedulerFactory      : Quartz scheduler version: 2.3.1
2019-05-07 09:49:31.699  INFO 11148 --- [main] org.quartz.core.QuartzScheduler          : JobFactory set to: com.hiqiblog.conf.JobFactory@68699afc
2019-05-07 09:49:31.893  INFO 11148 --- [main] o.s.s.concurrent.ThreadPoolTaskExecutor  : Initializing ExecutorService 'applicationTaskExecutor'
2019-05-07 09:49:31.948  WARN 11148 --- [main] aWebConfiguration$JpaWebMvcConfiguration : spring.jpa.open-in-view is enabled by default. Therefore, database queries may be performed during view rendering. Explicitly configure spring.jpa.open-in-view to disable this warning
2019-05-07 09:49:32.041  INFO 11148 --- [main] o.s.b.a.w.s.WelcomePageHandlerMapping    : Adding welcome page template: index
2019-05-07 09:49:32.164  INFO 11148 --- [main] o.s.s.c.ThreadPoolTaskScheduler          : Initializing ExecutorService 'taskScheduler'
2019-05-07 09:49:32.194  INFO 11148 --- [main] o.s.s.quartz.SchedulerFactoryBean        : Starting Quartz Scheduler now
2019-05-07 09:49:32.194  INFO 11148 --- [main] org.quartz.core.QuartzScheduler          : Scheduler schedulerFactoryBean_$_NON_CLUSTERED started.
2019-05-07 09:49:32.219  INFO 11148 --- [main] o.s.b.w.embedded.tomcat.TomcatWebServer  : Tomcat started on port(s): 8090 (http) with context path ''
2019-05-07 09:49:32.221  INFO 11148 --- [main] com.hiqiblog.hiQiBlogApplication         : Started hiQiBlogApplication in 3.334 seconds (JVM running for 3.859)
2019-05-07 09:49:38.662  INFO 11148 --- [http-nio-8090-exec-1] o.a.c.c.C.[Tomcat].[localhost].[/]       : Initializing Spring DispatcherServlet 'dispatcherServlet'
2019-05-07 09:49:38.662  INFO 11148 --- [http-nio-8090-exec-1] o.s.web.servlet.DispatcherServlet        : Initializing Servlet 'dispatcherServlet'
2019-05-07 09:49:38.677  INFO 11148 --- [http-nio-8090-exec-1] o.s.web.servlet.DispatcherServlet        : Completed initialization in 15 ms
2019-05-07 09:49:44.463  WARN 11148 --- [http-nio-8090-exec-2] .w.s.m.s.DefaultHandlerExceptionResolver : Resolved [org.springframework.web.bind.MissingServletRequestParameterException: Required int parameter 'id' is not present]
